<?xml version="1.0" encoding="UTF-8"?>
<!-- Generated by org.testng.reporters.JUnitXMLReporter -->
<testsuite hostname="LAPTOP-BO04174L" name="FirefoxTest" tests="6" failures="0" timestamp="12 Apr 2021 16:28:59 GMT" time="7434.308" errors="0">
  <testcase name="@BeforeMethod beforeMethod" time="0.0" classname="tests.TestMultiForm">
    <failure type="org.openqa.selenium.SessionNotCreatedException" message="Unable to create new remote session. desired capabilities = Capabilities [{marionette=true, firefoxOptions=org.openqa.selenium.firefox.FirefoxOptions@2a266d09, browserName=firefox, moz:firefoxOptions=org.openqa.selenium.firefox.FirefoxOptions@2a266d09, version=, platform=ANY}], required capabilities = Capabilities [{}]
Build info: version: &amp;apos;3.0.1&amp;apos;, revision: &amp;apos;1969d75&amp;apos;, time: &amp;apos;2016-10-18 09:49:13 -0700&amp;apos;
System info: host: &amp;apos;LAPTOP-BO04174L&amp;apos;, ip: &amp;apos;192.168.1.215&amp;apos;, os.name: &amp;apos;Windows 10&amp;apos;, os.arch: &amp;apos;amd64&amp;apos;, os.version: &amp;apos;10.0&amp;apos;, java.version: &amp;apos;1.8.0_261&amp;apos;
Driver info: driver.version: FirefoxDriver">
      <![CDATA[org.openqa.selenium.SessionNotCreatedException: Unable to create new remote session. desired capabilities = Capabilities [{marionette=true, firefoxOptions=org.openqa.selenium.firefox.FirefoxOptions@2a266d09, browserName=firefox, moz:firefoxOptions=org.openqa.selenium.firefox.FirefoxOptions@2a266d09, version=, platform=ANY}], required capabilities = Capabilities [{}]
Build info: version: '3.0.1', revision: '1969d75', time: '2016-10-18 09:49:13 -0700'
System info: host: 'LAPTOP-BO04174L', ip: '192.168.1.215', os.name: 'Windows 10', os.arch: 'amd64', os.version: '10.0', java.version: '1.8.0_261'
Driver info: driver.version: FirefoxDriver
	at org.openqa.selenium.remote.ProtocolHandshake.createSession(ProtocolHandshake.java:91)
	at org.openqa.selenium.remote.HttpCommandExecutor.execute(HttpCommandExecutor.java:141)
	at org.openqa.selenium.remote.service.DriverCommandExecutor.execute(DriverCommandExecutor.java:82)
	at org.openqa.selenium.remote.RemoteWebDriver.execute(RemoteWebDriver.java:601)
	at org.openqa.selenium.remote.RemoteWebDriver.startSession(RemoteWebDriver.java:241)
	at org.openqa.selenium.remote.RemoteWebDriver.<init>(RemoteWebDriver.java:128)
	at org.openqa.selenium.firefox.FirefoxDriver.<init>(FirefoxDriver.java:259)
	at org.openqa.selenium.firefox.FirefoxDriver.<init>(FirefoxDriver.java:247)
	at org.openqa.selenium.firefox.FirefoxDriver.<init>(FirefoxDriver.java:242)
	at org.openqa.selenium.firefox.FirefoxDriver.<init>(FirefoxDriver.java:238)
	at org.openqa.selenium.firefox.FirefoxDriver.<init>(FirefoxDriver.java:127)
	at tests.TestMultiForm.beforeMethod(TestMultiForm.java:37)
... Removed 26 stack frames]]>
    </failure>
  </testcase> <!-- @BeforeMethod beforeMethod -->
  <testcase name="@AfterMethod afterMethod" time="0.0" classname="tests.TestMultiForm">
    <skipped/>
  </testcase> <!-- @AfterMethod afterMethod -->
  <testcase name="@BeforeMethod beforeMethod" time="0.0" classname="tests.TestMultiForm">
    <skipped/>
  </testcase> <!-- @BeforeMethod beforeMethod -->
  <testcase name="@AfterMethod afterMethod" time="0.0" classname="tests.TestMultiForm">
    <skipped/>
  </testcase> <!-- @AfterMethod afterMethod -->
  <testcase name="@BeforeMethod beforeMethod" time="0.0" classname="tests.TestMultiForm">
    <skipped/>
  </testcase> <!-- @BeforeMethod beforeMethod -->
  <testcase name="@AfterMethod afterMethod" time="0.0" classname="tests.TestMultiForm">
    <skipped/>
  </testcase> <!-- @AfterMethod afterMethod -->
  <testcase name="@BeforeMethod beforeMethod" time="0.0" classname="tests.TestMultiForm">
    <skipped/>
  </testcase> <!-- @BeforeMethod beforeMethod -->
  <testcase name="@AfterMethod afterMethod" time="0.0" classname="tests.TestMultiForm">
    <skipped/>
  </testcase> <!-- @AfterMethod afterMethod -->
  <testcase name="@BeforeMethod beforeMethod" time="0.0" classname="tests.TestMultiForm">
    <skipped/>
  </testcase> <!-- @BeforeMethod beforeMethod -->
  <testcase name="@AfterMethod afterMethod" time="0.0" classname="tests.TestMultiForm">
    <skipped/>
  </testcase> <!-- @AfterMethod afterMethod -->
  <testcase name="@BeforeMethod beforeMethod" time="0.0" classname="tests.TestMultiForm">
    <skipped/>
  </testcase> <!-- @BeforeMethod beforeMethod -->
  <testcase name="@AfterMethod afterMethod" time="0.0" classname="tests.TestMultiForm">
    <skipped/>
  </testcase> <!-- @AfterMethod afterMethod -->
  <testcase name="testMultiForm" time="0.003" classname="tests.TestMultiForm">
    <skipped/>
  </testcase> <!-- testMultiForm -->
  <testcase name="testMultiForm" time="0.003" classname="tests.TestMultiForm">
    <skipped/>
  </testcase> <!-- testMultiForm -->
  <testcase name="testMultiForm" time="0.002" classname="tests.TestMultiForm">
    <skipped/>
  </testcase> <!-- testMultiForm -->
  <testcase name="testMultiForm" time="0.002" classname="tests.TestMultiForm">
    <skipped/>
  </testcase> <!-- testMultiForm -->
  <testcase name="testMultiForm" time="0.003" classname="tests.TestMultiForm">
    <skipped/>
  </testcase> <!-- testMultiForm -->
  <testcase name="testMultiForm" time="0.003" classname="tests.TestMultiForm">
    <skipped/>
  </testcase> <!-- testMultiForm -->
</testsuite> <!-- FirefoxTest -->
