<?xml version="1.0" encoding="UTF-8"?>
<testng-results skipped="0" failed="0" total="1" passed="1">
  <reporter-output>
  </reporter-output>
  <suite name="Default suite" duration-ms="18727" started-at="2021-04-15T12:32:12Z" finished-at="2021-04-15T12:32:31Z">
    <groups>
    </groups>
    <test name="Default test" duration-ms="18727" started-at="2021-04-15T12:32:12Z" finished-at="2021-04-15T12:32:31Z">
      <class name="tests.TestMultiForm_Cucumber_Runner">
        <test-method status="PASS" signature="beforeClass()[pri:0, instance:tests.TestMultiForm_Cucumber_Runner@6d7b4f4c]" name="beforeClass" is-config="true" duration-ms="1570" started-at="2021-04-15T18:02:12Z" finished-at="2021-04-15T18:02:14Z">
          <reporter-output>
          </reporter-output>
        </test-method> <!-- beforeClass -->
        <test-method status="PASS" signature="openBrowser()[pri:0, instance:tests.TestMultiForm_Cucumber_Runner@6d7b4f4c]" name="openBrowser" is-config="true" duration-ms="6034" started-at="2021-04-15T18:02:14Z" finished-at="2021-04-15T18:02:20Z">
          <reporter-output>
          </reporter-output>
        </test-method> <!-- openBrowser -->
        <test-method status="PASS" signature="runScenario(io.cucumber.testng.PickleWrapper, java.lang.Object)[pri:0, instance:tests.TestMultiForm_Cucumber_Runner@6d7b4f4c]" name="runScenario" duration-ms="8767" started-at="2021-04-15T18:02:20Z" description="Scenario Name: " data-provider="scenarios" finished-at="2021-04-15T18:02:28Z">
          <params>
            <param index="0">
              <value>
                <![CDATA["Verify MultiForm	 Page"]]>
              </value>
            </param>
            <param index="1">
              <value>
                <![CDATA["Optional[SampleAutomation Feature Tests]"]]>
              </value>
            </param>
          </params>
          <reporter-output>
          </reporter-output>
        </test-method> <!-- runScenario -->
        <test-method status="PASS" signature="closeBrowser()[pri:0, instance:tests.TestMultiForm_Cucumber_Runner@6d7b4f4c]" name="closeBrowser" is-config="true" duration-ms="1581" started-at="2021-04-15T18:02:28Z" finished-at="2021-04-15T18:02:30Z">
          <reporter-output>
          </reporter-output>
        </test-method> <!-- closeBrowser -->
        <test-method status="PASS" signature="afterClass()[pri:0, instance:tests.TestMultiForm_Cucumber_Runner@6d7b4f4c]" name="afterClass" is-config="true" duration-ms="744" started-at="2021-04-15T18:02:30Z" finished-at="2021-04-15T18:02:31Z">
          <reporter-output>
          </reporter-output>
        </test-method> <!-- afterClass -->
      </class> <!-- tests.TestMultiForm_Cucumber_Runner -->
    </test> <!-- Default test -->
  </suite> <!-- Default suite -->
</testng-results>
